C51 COMPILER V9.54   BUZZER                                                                10/17/2025 14:19:51 PAGE 1   


C51 COMPILER V9.54, COMPILATION OF MODULE BUZZER
OBJECT MODULE PLACED IN .\Objects\Buzzer.obj
COMPILER INVOKED BY: D:\Keil\Keil5 C51\C51\BIN\C51.EXE Buzzer.c OMF2 OPTIMIZE(8,SPEED) BROWSE DEBUG PRINT(.\Listings\Buz
                    -zer.lst) TABS(2) OBJECT(.\Objects\Buzzer.obj)

line level    source

   1          #include <REGX51.H>
   2          #include "KeyScan.h"
   3          #include "DelayMs.h"
   4          
   5          // 音符频率定义
   6          #define NOTE_C5 523
   7          #define NOTE_G5 784
   8          #define NOTE_A5 880
   9          #define NOTE_REST 0
  10          
  11          sbit BUZZER = P2^5;
  12          
  13          unsigned int Reload;
  14          
  15          typedef struct {
  16            unsigned int freq;
  17            unsigned int duration;
  18          } MusicNote;
  19          
  20          // 小星星简谱
  21          const MusicNote Song[] = {
  22            {NOTE_C5, 500}, {NOTE_C5, 500},
  23            {NOTE_G5, 500}, {NOTE_G5, 500},
  24            {NOTE_A5, 500}, {NOTE_A5, 500},
  25            {NOTE_G5, 1000}
  26          };
  27          
  28          unsigned char length = sizeof(Song) / sizeof(MusicNote);
  29          unsigned char i = 0;
  30          
  31          extern volatile bit alarmState;
  32          
  33          void Buzzer_Init(void)
  34          {
  35   1        TMOD &= 0x0F; // 清除T1的控制位
  36   1        TMOD |= 0x10; // 定时器1方式1（16位定时）
  37   1        ET1 = 1;    // 允许定时器1中断
  38   1        EA = 1;     // 允许总中断
  39   1        TR1 = 0;    // 暂停计时器1
  40   1      }
  41          
  42          void DelayMs_CheckKey(unsigned int ms)
  43          {
  44   1          unsigned int j;
  45   1          for(j = 0; j < ms; j++)
  46   1          {
  47   2              KeyScan();          // 每1ms都检测一次按键
  48   2              if(alarmState == 0) // 如果被关闭，则立刻退出
  49   2              {
  50   3                  return;
  51   3              }
  52   2              DelayMs(1);         // 原本的1ms延时
  53   2          }
  54   1      }
C51 COMPILER V9.54   BUZZER                                                                10/17/2025 14:19:51 PAGE 2   

  55          
  56          void SetFreq(unsigned int freq)
  57          {
  58   1        if(freq == 0)
  59   1        {
  60   2          TR1 = 0;
  61   2          BUZZER = 1;
  62   2          return;
  63   2        }
  64   1        
  65   1        Reload = 65536 - (6000000 / freq / 2);
  66   1        TH1 = Reload >> 8;
  67   1        TL1 = Reload & 0xFF;
  68   1        TR1 = 1;
  69   1      }
  70          
  71          void Timer1_ISR(void) interrupt 3 // Timer1中断号是3
  72          {
  73   1        TH1 = Reload >> 8;
  74   1        TL1 = Reload & 0xFF;
  75   1        BUZZER = !BUZZER;
  76   1      }
  77          
  78          void PlayNote(unsigned int freq, unsigned int duration)
  79          {
  80   1          SetFreq(freq);
  81   1          DelayMs_CheckKey(duration);
  82   1      
  83   1          SetFreq(0);
  84   1          DelayMs_CheckKey(50);
  85   1      }
  86          
  87          void MusicPlay(void)
  88          {
  89   1          while(alarmState)
  90   1          {
  91   2              for(i = 0; i < length; i++)
  92   2              {
  93   3                  if(alarmState == 0)
  94   3                  {
  95   4                      SetFreq(0);
  96   4                      TR1 = 0;
  97   4                      return;
  98   4                  }
  99   3                  PlayNote(Song[i].freq, Song[i].duration);
 100   3              }
 101   2          }
 102   1      
 103   1          SetFreq(0);
 104   1          TR1 = 0;
 105   1      }


MODULE INFORMATION:   STATIC OVERLAYABLE
   CODE SIZE        =    217    ----
   CONSTANT SIZE    =   ----    ----
   XDATA SIZE       =   ----    ----
   PDATA SIZE       =   ----    ----
   DATA SIZE        =     32       6
   IDATA SIZE       =   ----    ----
   BIT SIZE         =   ----    ----
   EDATA SIZE       =   ----    ----
C51 COMPILER V9.54   BUZZER                                                                10/17/2025 14:19:51 PAGE 3   

   HDATA SIZE       =   ----    ----
   XDATA CONST SIZE =   ----    ----
   FAR CONST SIZE   =   ----    ----
END OF MODULE INFORMATION.


C51 COMPILATION COMPLETE.  0 WARNING(S),  0 ERROR(S)
