C51 COMPILER V9.54   KEYSCAN                                                               10/28/2025 19:15:28 PAGE 1   


C51 COMPILER V9.54, COMPILATION OF MODULE KEYSCAN
OBJECT MODULE PLACED IN .\Objects\KeyScan.obj
COMPILER INVOKED BY: D:\Keil\Keil5 C51\C51\BIN\C51.EXE KeyScan.c OMF2 OPTIMIZE(8,SPEED) BROWSE DEBUG PRINT(.\Listings\Ke
                    -yScan.lst) TABS(2) OBJECT(.\Objects\KeyScan.obj)

line level    source

   1          #include <REGX52.H>
   2          #include "DelayMs.h"
   3          #include "DigitalTube.h"
   4          #include "LCD1602.h"
   5          /**
   6            * @brief  KeyScan模板
   7            * @param  无
   8            * @retval 无
   9            */
  10          //sbit KEY_ = P ^ ;
  11          
  12          //void KeyScan(void)
  13          //{
  14          //  static bit keyLock = 0;
  15          
  16          //  if(KEY_ == 0 && !keyLock)
  17          //  {
  18          //    DelayMs(20);
  19          //    if(KEY_ == 0)
  20          //    {
  21          //      keyLock = 1;
  22          //      //功能
  23          //    }
  24          //  }
  25          //  else if(KEY_ == 1)
  26          //  {
  27          //    keyLock = 0;
  28          //  }
  29          //}
  30          
  31          extern bit setMode; 
  32          extern bit isCorrect;
  33          
  34          sbit KEY_CONFIRM = P3^1;
  35          sbit KEY_CLEAN = P3^0;
  36          sbit KEY_SET= P3^2;
  37          
  38          void KeyScan(void)
  39          {
  40   1        static bit keyLockConfirm = 0;
  41   1        static bit keyLockClean = 0;
  42   1        static bit keyLockSet = 0;
  43   1        
  44   1        if(KEY_CONFIRM == 0 && !keyLockConfirm)
  45   1        {
  46   2          DelayMs(20);
  47   2          if(KEY_CONFIRM == 0)
  48   2          {
  49   3            keyLockConfirm = 1;
  50   3            checkPassword();
  51   3          }
  52   2        }
  53   1        else if(KEY_CONFIRM == 1)
  54   1        {
C51 COMPILER V9.54   KEYSCAN                                                               10/28/2025 19:15:28 PAGE 2   

  55   2          keyLockConfirm = 0;
  56   2        }
  57   1        
  58   1        if(KEY_CLEAN == 0 && !keyLockClean)
  59   1        {
  60   2          DelayMs(20);
  61   2          if(KEY_CLEAN == 0)
  62   2          {
  63   3            keyLockClean = 1;
  64   3            cleanPassword();
  65   3          }
  66   2        }
  67   1        else if(KEY_CLEAN == 1)
  68   1        {
  69   2          keyLockClean = 0;
  70   2        }
  71   1        
  72   1        if(KEY_SET == 0 && !keyLockSet)
  73   1        {
  74   2          DelayMs(20);
  75   2          if(KEY_SET == 0 && isCorrect)
  76   2          {
  77   3            keyLockSet = 1;
  78   3            setMode = !setMode;
  79   3            cleanPassword();              
  80   3            if(setMode)
  81   3              LCD_ShowString(2,1,"SET MODE");
  82   3            else
  83   3              LCD_ShowString(2,1,"        "); 
  84   3          }
  85   2        }
  86   1        else if(KEY_SET == 1)
  87   1        {
  88   2          keyLockSet = 0;
  89   2        }
  90   1      }
  91          
  92          
  93          


MODULE INFORMATION:   STATIC OVERLAYABLE
   CODE SIZE        =    110    ----
   CONSTANT SIZE    =     18    ----
   XDATA SIZE       =   ----    ----
   PDATA SIZE       =   ----    ----
   DATA SIZE        =   ----    ----
   IDATA SIZE       =   ----    ----
   BIT SIZE         =      3    ----
   EDATA SIZE       =   ----    ----
   HDATA SIZE       =   ----    ----
   XDATA CONST SIZE =   ----    ----
   FAR CONST SIZE   =   ----    ----
END OF MODULE INFORMATION.


C51 COMPILATION COMPLETE.  0 WARNING(S),  0 ERROR(S)
