C51 COMPILER V9.54   MAIN                                                                  10/28/2025 18:50:47 PAGE 1   


C51 COMPILER V9.54, COMPILATION OF MODULE MAIN
OBJECT MODULE PLACED IN .\Objects\main.obj
COMPILER INVOKED BY: D:\Keil\Keil5 C51\C51\BIN\C51.EXE main.c OMF2 OPTIMIZE(8,SPEED) BROWSE DEBUG PRINT(.\Listings\main.
                    -lst) TABS(2) OBJECT(.\Objects\main.obj)

line level    source

   1          #include <REGX52.H>
   2          #include "Timer.h"
   3          #include "LCD1602.h"
   4          #include "DelayMs.h"
   5          #include "KeyScan.h"
   6          #include "MatrixKey.h"
   7          #include "DigitalTube.h"
   8          
   9          bit setMode = 0; 
  10          
  11          void main()
  12          {
  13   1        Timer0_Init();
  14   1        MatrixKey_Init();
  15   1        LCD_Init();
  16   1        LCD_ShowString(1, 1, "-PASSWORD-");
  17   1        while(1)
  18   1        { 
  19   2          DigDisplay();   
  20   2          DigitalInput();
  21   2          KeyScan();  
  22   2          if(setMode)
  23   2          {
  24   3            setPassword();
  25   3          }
  26   2        }
  27   1      }


MODULE INFORMATION:   STATIC OVERLAYABLE
   CODE SIZE        =     39    ----
   CONSTANT SIZE    =     11    ----
   XDATA SIZE       =   ----    ----
   PDATA SIZE       =   ----    ----
   DATA SIZE        =   ----    ----
   IDATA SIZE       =   ----    ----
   BIT SIZE         =      1    ----
   EDATA SIZE       =   ----    ----
   HDATA SIZE       =   ----    ----
   XDATA CONST SIZE =   ----    ----
   FAR CONST SIZE   =   ----    ----
END OF MODULE INFORMATION.


C51 COMPILATION COMPLETE.  0 WARNING(S),  0 ERROR(S)
