C51 COMPILER V9.54   TIMER                                                                 10/27/2025 20:50:35 PAGE 1   


C51 COMPILER V9.54, COMPILATION OF MODULE TIMER
OBJECT MODULE PLACED IN .\Objects\Timer.obj
COMPILER INVOKED BY: D:\Keil\Keil5 C51\C51\BIN\C51.EXE Timer.c OMF2 OPTIMIZE(8,SPEED) BROWSE DEBUG PRINT(.\Listings\Time
                    -r.lst) TABS(2) OBJECT(.\Objects\Timer.obj)

line level    source

   1          #include <REGX52.H>
   2          extern bit flashFlag;
   3          /**
   4            * @brief  定时器0初始化 1ms
   5            * @param  无
   6            * @retval 无
   7            */
   8          void Timer0_Init(void)
   9          {
  10   1        TMOD &= 0xF0;     // 清除T0的控制位
  11   1        TMOD |= 0x01;     // 设置T0为模式1（16位定时器）
  12   1        TL0 = 0x18;       // 设置定时初值（1ms@12MHz）
  13   1        TH0 = 0xFC;       // 设置定时初值
  14   1        TF0 = 0;          // 清除溢出标志
  15   1        TR0 = 1;          // 启动定时器0
  16   1        
  17   1        ET0 = 1;          // 允许定时器0中断
  18   1        EA = 1;           // 开启总中断
  19   1        PT0 = 0;          // 设置定时器0中断优先级为低
  20   1        
  21   1      }
  22          
  23          /**
  24            * @brief  定时器0中断服务函数模板
  25            * @param  无
  26            * @retval 无
  27            */
  28          //void Timer0_Isr(void) interrupt 1
  29          //{
  30          //  static unsigned int msCount = 0;
  31          
  32          //  TL0 = 0x18;
  33          //  TH0 = 0xFC;
  34          
  35          //  if(++msCount >= 1000) 1秒
  36          //  {
  37          //    msCount = 0;
  38          //    功能
  39          //  }
  40          
  41          //}
  42          void Timer0_Isr(void) interrupt 1
  43          {
  44   1        static unsigned int msCountFlash = 0;
  45   1      
  46   1        TL0 = 0x18;
  47   1        TH0 = 0xFC;
  48   1      
  49   1        if(++msCountFlash >= 500) 
  50   1        {
  51   2          msCountFlash = 0;
  52   2          flashFlag = !flashFlag;
  53   2        }
  54   1      
C51 COMPILER V9.54   TIMER                                                                 10/27/2025 20:50:35 PAGE 2   

  55   1      }


MODULE INFORMATION:   STATIC OVERLAYABLE
   CODE SIZE        =     66    ----
   CONSTANT SIZE    =   ----    ----
   XDATA SIZE       =   ----    ----
   PDATA SIZE       =   ----    ----
   DATA SIZE        =      2    ----
   IDATA SIZE       =   ----    ----
   BIT SIZE         =   ----    ----
   EDATA SIZE       =   ----    ----
   HDATA SIZE       =   ----    ----
   XDATA CONST SIZE =   ----    ----
   FAR CONST SIZE   =   ----    ----
END OF MODULE INFORMATION.


C51 COMPILATION COMPLETE.  0 WARNING(S),  0 ERROR(S)
